<?xml version="1.0" encoding="UTF-8"?>
<testsuite xmlns:xsi="http://www.w3.org/2001/XMLSchema-instance" xsi:noNamespaceSchemaLocation="https://maven.apache.org/surefire/maven-surefire-plugin/xsd/surefire-test-report.xsd" name="org.example.TataYoyoTest" time="0.001" tests="2" errors="0" skipped="0" failures="0">
  <properties>
[...]
</properties>
  <testcase name="testAfficherTataYoyo_divisiblePar3_doitRetournerTata" classname="org.example.TataYoyoTest" time="0"/>
  <testcase name="testAfficherTataYoyo_divisiblePar5_doitRetournerYoyo" classname="org.example.TataYoyoTest" time="0"/>
</testsuite>